c:\users\joshk\programming\sparky\gameengine\sparky-core\x64\release\vc143.pdb
c:\users\joshk\programming\sparky\gameengine\sparky-core\x64\release\ftfstype.obj
c:\users\joshk\programming\sparky\gameengine\sparky-core\x64\release\ftdebug.obj
c:\users\joshk\programming\sparky\gameengine\sparky-core\x64\release\ftbitmap.obj
c:\users\joshk\programming\sparky\gameengine\sparky-core\x64\release\ftbbox.obj
c:\users\joshk\programming\sparky\gameengine\sparky-core\x64\release\ftbase.obj
c:\users\joshk\programming\sparky\gameengine\sparky-core\x64\release\autofit.obj
c:\users\joshk\programming\sparky\gameengine\sparky-core\x64\release\vertex-buffer.obj
c:\users\joshk\programming\sparky\gameengine\sparky-core\x64\release\vertex-attribute.obj
c:\users\joshk\programming\sparky\gameengine\sparky-core\x64\release\vector.obj
c:\users\joshk\programming\sparky\gameengine\sparky-core\x64\release\utf8-utils.obj
c:\users\joshk\programming\sparky\gameengine\sparky-core\x64\release\texture-font.obj
c:\users\joshk\programming\sparky\gameengine\sparky-core\x64\release\texture-atlas.obj
c:\users\joshk\programming\sparky\gameengine\sparky-core\x64\release\text-buffer.obj
c:\users\joshk\programming\sparky\gameengine\sparky-core\x64\release\platform.obj
c:\users\joshk\programming\sparky\gameengine\sparky-core\x64\release\makefont.obj
c:\users\joshk\programming\sparky\gameengine\sparky-core\x64\release\ftgl-utils.obj
c:\users\joshk\programming\sparky\gameengine\sparky-core\x64\release\font-manager.obj
c:\users\joshk\programming\sparky\gameengine\sparky-core\x64\release\edtaa3func.obj
c:\users\joshk\programming\sparky\gameengine\sparky-core\x64\release\distance-field.obj
c:\users\joshk\programming\sparky\gameengine\sparky-core\x64\release\ftgzip.obj
c:\users\joshk\programming\sparky\gameengine\sparky-core\x64\release\type1cid.obj
c:\users\joshk\programming\sparky\gameengine\sparky-core\x64\release\cff.obj
c:\users\joshk\programming\sparky\gameengine\sparky-core\x64\release\ftcache.obj
c:\users\joshk\programming\sparky\gameengine\sparky-core\x64\release\bdf.obj
c:\users\joshk\programming\sparky\gameengine\sparky-core\x64\release\ftxf86.obj
c:\users\joshk\programming\sparky\gameengine\sparky-core\x64\release\ftwinfnt.obj
c:\users\joshk\programming\sparky\gameengine\sparky-core\x64\release\fttype1.obj
c:\users\joshk\programming\sparky\gameengine\sparky-core\x64\release\ftsystem.obj
c:\users\joshk\programming\sparky\gameengine\sparky-core\x64\release\ftsynth.obj
c:\users\joshk\programming\sparky\gameengine\sparky-core\x64\release\ftstroke.obj
c:\users\joshk\programming\sparky\gameengine\sparky-core\x64\release\ftpfr.obj
c:\users\joshk\programming\sparky\gameengine\sparky-core\x64\release\ftpatent.obj
c:\users\joshk\programming\sparky\gameengine\sparky-core\x64\release\ftotval.obj
c:\users\joshk\programming\sparky\gameengine\sparky-core\x64\release\ftmm.obj
c:\users\joshk\programming\sparky\gameengine\sparky-core\x64\release\ftlcdfil.obj
c:\users\joshk\programming\sparky\gameengine\sparky-core\x64\release\ftinit.obj
c:\users\joshk\programming\sparky\gameengine\sparky-core\x64\release\ftgxval.obj
c:\users\joshk\programming\sparky\gameengine\sparky-core\x64\release\ftglyph.obj
c:\users\joshk\programming\sparky\gameengine\sparky-core\x64\release\ftgasp.obj
c:\users\joshk\programming\sparky\gameengine\sparky-core\x64\release\winfnt.obj
c:\users\joshk\programming\sparky\gameengine\sparky-core\x64\release\type42.obj
c:\users\joshk\programming\sparky\gameengine\sparky-core\x64\release\type1.obj
c:\users\joshk\programming\sparky\gameengine\sparky-core\x64\release\truetype.obj
c:\users\joshk\programming\sparky\gameengine\sparky-core\x64\release\smooth.obj
c:\users\joshk\programming\sparky\gameengine\sparky-core\x64\release\sfnt.obj
c:\users\joshk\programming\sparky\gameengine\sparky-core\x64\release\raster.obj
c:\users\joshk\programming\sparky\gameengine\sparky-core\x64\release\psmodule.obj
c:\users\joshk\programming\sparky\gameengine\sparky-core\x64\release\pshinter.obj
c:\users\joshk\programming\sparky\gameengine\sparky-core\x64\release\psaux.obj
c:\users\joshk\programming\sparky\gameengine\sparky-core\x64\release\pfr.obj
c:\users\joshk\programming\sparky\gameengine\sparky-core\x64\release\pcf.obj
c:\users\joshk\programming\sparky\gameengine\sparky-core\x64\release\ftlzw.obj
c:\users\joshk\programming\sparky\gameengine\sparky-core\x64\release\window.obj
c:\users\joshk\programming\sparky\gameengine\sparky-core\x64\release\vec4.obj
c:\users\joshk\programming\sparky\gameengine\sparky-core\x64\release\vec3.obj
c:\users\joshk\programming\sparky\gameengine\sparky-core\x64\release\vec2.obj
c:\users\joshk\programming\sparky\gameengine\sparky-core\x64\release\shader.obj
c:\users\joshk\programming\sparky\gameengine\sparky-core\x64\release\matrix4.obj
c:\users\joshk\programming\sparky\gameengine\sparky-core\x64\release\main.obj
c:\users\joshk\programming\sparky\gameengine\sparky-core\x64\release\texture.obj
c:\users\joshk\programming\sparky\gameengine\sparky-core\x64\release\staticsprite.obj
c:\users\joshk\programming\sparky\gameengine\sparky-core\x64\release\sprite.obj
c:\users\joshk\programming\sparky\gameengine\sparky-core\x64\release\simple2drenderer.obj
c:\users\joshk\programming\sparky\gameengine\sparky-core\x64\release\tilelayer.obj
c:\users\joshk\programming\sparky\gameengine\sparky-core\x64\release\layer.obj
c:\users\joshk\programming\sparky\gameengine\sparky-core\x64\release\group.obj
c:\users\joshk\programming\sparky\gameengine\sparky-core\x64\release\vertexbuffer.obj
c:\users\joshk\programming\sparky\gameengine\sparky-core\x64\release\vertexarray.obj
c:\users\joshk\programming\sparky\gameengine\sparky-core\x64\release\indexbuffer.obj
c:\users\joshk\programming\sparky\gameengine\sparky-core\x64\release\batchrenderer2d.obj
c:\users\joshk\programming\sparky\gameengine\x64\release\sparky-core.exe
c:\users\joshk\programming\sparky\gameengine\sparky-core\x64\release\sparky-core.ipdb
c:\users\joshk\programming\sparky\gameengine\x64\release\sparky-core.pdb
c:\users\joshk\programming\sparky\gameengine\sparky-core\x64\release\sparky-core.iobj
c:\users\joshk\programming\sparky\gameengine\sparky-core\x64\release\sparky-core.tlog\cl.command.1.tlog
c:\users\joshk\programming\sparky\gameengine\sparky-core\x64\release\sparky-core.tlog\cl.read.1.tlog
c:\users\joshk\programming\sparky\gameengine\sparky-core\x64\release\sparky-core.tlog\cl.write.1.tlog
c:\users\joshk\programming\sparky\gameengine\sparky-core\x64\release\sparky-core.tlog\link.command.1.tlog
c:\users\joshk\programming\sparky\gameengine\sparky-core\x64\release\sparky-core.tlog\link.read.1.tlog
c:\users\joshk\programming\sparky\gameengine\sparky-core\x64\release\sparky-core.tlog\link.write.1.tlog
