cl : command line  warning D9002: ignoring unknown option '/arch:SSE2'
  BatchRenderer2D.cpp
C:\Users\joshk\programming\Sparky\GameEngine\Sparky-Core\source\graphics\BatchRenderer2D.cpp(87,20): warning C4244: 'initializing': conversion from 'float' to 'unsigned int', possible loss of data
C:\Users\joshk\programming\Sparky\GameEngine\Sparky-Core\source\graphics\BatchRenderer2D.cpp(88,20): warning C4244: 'initializing': conversion from 'float' to 'unsigned int', possible loss of data
C:\Users\joshk\programming\Sparky\GameEngine\Sparky-Core\source\graphics\BatchRenderer2D.cpp(89,20): warning C4244: 'initializing': conversion from 'float' to 'unsigned int', possible loss of data
C:\Users\joshk\programming\Sparky\GameEngine\Sparky-Core\source\graphics\BatchRenderer2D.cpp(90,20): warning C4244: 'initializing': conversion from 'float' to 'unsigned int', possible loss of data
  Group.cpp
  Layer.cpp
  TileLayer.cpp
  Simple2DRenderer.cpp
C:\Users\joshk\programming\Sparky\GameEngine\Sparky-Core\header files\StaticSprite.h(2,10): warning C4067: unexpected tokens following preprocessor directive - expected a newline
  Sprite.cpp
  StaticSprite.cpp
C:\Users\joshk\programming\Sparky\GameEngine\Sparky-Core\header files\StaticSprite.h(2,10): warning C4067: unexpected tokens following preprocessor directive - expected a newline
  Texture.cpp
  main.cpp
C:\Users\joshk\programming\Sparky\GameEngine\Sparky-Core\header files\StaticSprite.h(2,10): warning C4067: unexpected tokens following preprocessor directive - expected a newline
C:\Program Files (x86)\Windows Kits\10\Include\10.0.22000.0\shared\minwindef.h(130,1): warning C4005: 'APIENTRY': macro redefinition
C:\Users\joshk\programming\Sparky\GameEngine\dependencies\GLFW\include\GLFW\glfw3.h(123,1): message : see previous definition of 'APIENTRY'
C:\Users\joshk\programming\Sparky\GameEngine\Sparky-Core\main.cpp(45,12): warning C4244: 'argument': conversion from 'time_t' to 'unsigned int', possible loss of data
  Matrix4.cpp
C:\Users\joshk\programming\Sparky\GameEngine\Sparky-Core\source\math\Matrix4.cpp(73,48): warning C4244: 'argument': conversion from 'double' to 'float', possible loss of data
  Shader.cpp
LINK : warning LNK4098: defaultlib 'LIBCMT' conflicts with use of other libs; use /NODEFAULTLIB:library
  Generating code
C:\Users\joshk\programming\Sparky\GameEngine\Sparky-Core\header files\FileUtils.h(37): warning C4715: 'Sparky::FileUtils::read_file': not all control paths return a value
  263 of 379 functions (69.4%) were compiled, the rest were copied from previous compilation.
    106 functions were new in current compilation
    17 functions had inline decision re-evaluated but remain unchanged
  Finished generating code
glew32s.lib(glew.obj) : warning LNK4099: PDB '' was not found with 'glew32s.lib(glew.obj)' or at ''; linking object as if no debug info
  Sparky-Core.vcxproj -> C:\Users\joshk\programming\Sparky\GameEngine\x64\Release\Sparky-Core.exe
