  BatchRenderer2D.cpp
C:\Users\joshk\programming\Sparky\GameEngine\Sparky-Core\header files\Renderer2D.h(2,10): fatal  error C1083: Cannot open include file: 'GL/glew.h': No such file or directory
  IndexBuffer.cpp
C:\Users\joshk\programming\Sparky\GameEngine\Sparky-Core\source\graphics\buffer\IndexBuffer.cpp(1,9): fatal  error C1083: Cannot open include file: 'GL/glew.h': No such file or directory
  VertexArray.cpp
C:\Users\joshk\programming\Sparky\GameEngine\Sparky-Core\header files\VertexArray.h(2,9): fatal  error C1083: Cannot open include file: 'Gl/glew.h': No such file or directory
  VertexBuffer.cpp
C:\Users\joshk\programming\Sparky\GameEngine\Sparky-Core\header files\VertexBuffer.h(3,9): fatal  error C1083: Cannot open include file: 'GL/glew.h': No such file or directory
  Group.cpp
C:\Users\joshk\programming\Sparky\GameEngine\Sparky-Core\header files\Renderable2D.h(2,9): fatal  error C1083: Cannot open include file: 'GL/glew.h': No such file or directory
  Layer.cpp
C:\Users\joshk\programming\Sparky\GameEngine\Sparky-Core\header files\Renderer2D.h(2,10): fatal  error C1083: Cannot open include file: 'GL/glew.h': No such file or directory
  TileLayer.cpp
C:\Users\joshk\programming\Sparky\GameEngine\Sparky-Core\header files\Renderer2D.h(2,10): fatal  error C1083: Cannot open include file: 'GL/glew.h': No such file or directory
  Simple2DRenderer.cpp
C:\Users\joshk\programming\Sparky\GameEngine\Sparky-Core\header files\Renderable2D.h(2,9): fatal  error C1083: Cannot open include file: 'GL/glew.h': No such file or directory
  Sprite.cpp
C:\Users\joshk\programming\Sparky\GameEngine\Sparky-Core\header files\renderable2D.h(2,9): fatal  error C1083: Cannot open include file: 'GL/glew.h': No such file or directory
  StaticSprite.cpp
C:\Users\joshk\programming\Sparky\GameEngine\Sparky-Core\header files\StaticSprite.h(2,10): warning C4067: unexpected tokens following preprocessor directive - expected a newline
C:\Users\joshk\programming\Sparky\GameEngine\Sparky-Core\header files\Renderable2D.h(2,9): fatal  error C1083: Cannot open include file: 'GL/glew.h': No such file or directory
  main.cpp
C:\Users\joshk\programming\Sparky\GameEngine\Sparky-Core\header files\Window.h(2,9): fatal  error C1083: Cannot open include file: 'GL/glew.h': No such file or directory
  Matrix4.cpp
C:\Users\joshk\programming\Sparky\GameEngine\Sparky-Core\source\math\Matrix4.cpp(73,48): warning C4244: 'argument': conversion from 'double' to 'float', possible loss of data
  Shader.cpp
C:\Users\joshk\programming\Sparky\GameEngine\Sparky-Core\header files\FileUtils.h(11,15): error C4996: 'fopen': This function or variable may be unsafe. Consider using fopen_s instead. To disable deprecation, use _CRT_SECURE_NO_WARNINGS. See online help for details.
C:\Users\joshk\programming\Sparky\GameEngine\Sparky-Core\header files\shader.h(3,9): fatal  error C1083: Cannot open include file: 'GL/glew.h': No such file or directory
  Vec2.cpp
  Vec3.cpp
  Vec4.cpp
  Window.cpp
C:\Users\joshk\programming\Sparky\GameEngine\Sparky-Core\header files\Window.h(2,9): fatal  error C1083: Cannot open include file: 'GL/glew.h': No such file or directory
  Generating Code...
